<?xml version="1.0" encoding="UTF-8"?>
<testng-results skipped="0" failed="0" ignored="0" total="1" passed="1">
  <reporter-output>
  </reporter-output>
  <suite name="Default suite" duration-ms="139" started-at="2017-02-15T23:36:44Z" finished-at="2017-02-15T23:36:44Z">
    <groups>
    </groups>
    <test name="Default test" duration-ms="139" started-at="2017-02-15T23:36:44Z" finished-at="2017-02-15T23:36:44Z">
      <class name="TestNG.testng.ClassONe">
        <test-method status="PASS" signature="openBrowser()[pri:0, instance:TestNG.testng.ClassONe@69d9c55]" name="openBrowser" is-config="true" duration-ms="29" started-at="2017-02-15T18:36:44Z" finished-at="2017-02-15T18:36:44Z">
          <reporter-output>
          </reporter-output>
        </test-method> <!-- openBrowser -->
        <test-method status="PASS" signature="f()[pri:0, instance:TestNG.testng.ClassONe@69d9c55]" name="f" duration-ms="8" started-at="2017-02-15T18:36:44Z" finished-at="2017-02-15T18:36:44Z">
          <reporter-output>
          </reporter-output>
        </test-method> <!-- f -->
        <test-method status="PASS" signature="closeBrowser()[pri:0, instance:TestNG.testng.ClassONe@69d9c55]" name="closeBrowser" is-config="true" duration-ms="0" started-at="2017-02-15T18:36:44Z" finished-at="2017-02-15T18:36:44Z">
          <reporter-output>
          </reporter-output>
        </test-method> <!-- closeBrowser -->
      </class> <!-- TestNG.testng.ClassONe -->
    </test> <!-- Default test -->
  </suite> <!-- Default suite -->
</testng-results>
